[2025-12-21T15:34:58.768570+00:00] ViteEtGourmand.INFO: Requête reçue : POST /auth/register [] []
[2025-12-21T15:34:59.160127+00:00] ViteEtGourmand.ERROR: Échec envoi email bienvenue {"email":"testuser@example.com"} []
[2025-12-21T15:38:34.359557+00:00] ViteEtGourmand.INFO: Requête reçue : POST /auth/register [] []
[2025-12-21T15:38:34.533052+00:00] ViteEtGourmand.ERROR: Échec création utilisateur {"email":"testuser@example.com","code":1001,"msg":"Cette adresse email est déjà utilisée."} []
[2025-12-21T15:42:52.320852+00:00] ViteEtGourmand.INFO: Requête reçue : POST /auth/register [] []
[2025-12-21T15:42:52.416088+00:00] ViteEtGourmand.ERROR: Échec envoi email bienvenue {"email":"testuser@example.com"} []
[2025-12-21T15:49:31.526555+00:00] ViteEtGourmand.INFO: Requête reçue : POST /auth/register [] []
[2025-12-21T15:49:31.614500+00:00] ViteEtGourmand.ERROR: Échec création utilisateur {"email":"testuser@example.com","code":1001,"msg":"Cette adresse email est déjà utilisée."} []
[2025-12-21T15:53:44.809892+00:00] ViteEtGourmand.INFO: Requête reçue : POST /auth/register [] []
[2025-12-21T15:53:44.811665+00:00] ViteEtGourmand.WARNING: Échec validation inscription {"email":"L'adresse email est requise."} []
[2025-12-21T15:56:46.801776+00:00] ViteEtGourmand.INFO: Requête reçue : POST /auth/register [] []
[2025-12-21T15:56:46.802783+00:00] ViteEtGourmand.WARNING: Échec validation inscription {"password":"Le mot de passe doit contenir au moins 8 caractères, une majuscule, une minuscule et un chiffre."} []
[2025-12-21T15:59:32.579271+00:00] ViteEtGourmand.INFO: Requête reçue : POST /auth/register [] []
[2025-12-21T16:04:27.944626+00:00] ViteEtGourmand.INFO: Requête reçue : POST /auth/register [] []
[2025-12-21T16:04:27.946253+00:00] ViteEtGourmand.WARNING: Échec validation inscription {"phone":"Le format du numéro de téléphone est invalide."} []
[2025-12-21T16:07:46.912244+00:00] ViteEtGourmand.INFO: Requête reçue : POST /auth/register [] []
[2025-12-21T16:09:59.696368+00:00] ViteEtGourmand.INFO: Requête reçue : POST /auth/register [] []
[2025-12-21T16:14:40.458709+00:00] ViteEtGourmand.INFO: Requête reçue : POST /auth/register [] []
[2025-12-21T16:14:40.594585+00:00] ViteEtGourmand.ERROR: Échec envoi email bienvenue {"email":"specialchar@example.com"} []
[2025-12-21T16:17:14.388310+00:00] ViteEtGourmand.INFO: Requête reçue : POST /auth/register [] []
[2025-12-21T16:17:14.519017+00:00] ViteEtGourmand.ERROR: Échec envoi email bienvenue {"email":"inattendu@example.com"} []
[2025-12-21T16:18:33.542654+00:00] ViteEtGourmand.INFO: Requête reçue : POST /auth/register [] []
[2025-12-21T16:21:58.370032+00:00] ViteEtGourmand.INFO: Requête reçue : POST /auth/register [] []
[2025-12-21T16:21:58.397921+00:00] ViteEtGourmand.WARNING: Échec validation inscription {"firstName":"Le prénom doit être une chaîne de caractères."} []
[2025-12-21T16:24:37.469602+00:00] ViteEtGourmand.INFO: Requête reçue : POST /auth/register [] []
[2025-12-21T16:24:37.472256+00:00] ViteEtGourmand.WARNING: Échec validation inscription {"email":"Le format de l'adresse email est invalide."} []
[2025-12-21T16:26:21.705910+00:00] ViteEtGourmand.INFO: Requête reçue : POST /auth/register [] []
[2025-12-21T16:26:21.707135+00:00] ViteEtGourmand.WARNING: Échec validation inscription {"email":"Le format de l'adresse email est invalide."} []
[2025-12-21T16:28:12.467876+00:00] ViteEtGourmand.INFO: Requête reçue : POST /auth/register [] []
[2025-12-21T16:32:25.764473+00:00] ViteEtGourmand.INFO: Requête reçue : POST /auth/register [] []
[2025-12-21T16:32:25.932372+00:00] ViteEtGourmand.ERROR: Échec envoi email bienvenue {"email":"emoji@example.com"} []
[2025-12-21T16:44:35.418654+00:00] ViteEtGourmand.INFO: Requête reçue : POST /auth/register [] []
[2025-12-21T16:44:35.602571+00:00] ViteEtGourmand.ERROR: Échec envoi email bienvenue {"email":"testuser@example.com"} []
[2025-12-21T16:44:35.723223+00:00] ViteEtGourmand.INFO: Requête reçue : POST /auth/register [] []
[2025-12-21T16:44:35.841540+00:00] ViteEtGourmand.ERROR: Échec création utilisateur {"email":"testuser@example.com","code":1001,"msg":"Cette adresse email est déjà utilisée."} []
[2025-12-21T16:44:35.900115+00:00] ViteEtGourmand.INFO: Requête reçue : POST /auth/register [] []
[2025-12-21T16:44:35.900426+00:00] ViteEtGourmand.WARNING: Échec validation inscription {"email":"L'adresse email est requise."} []
[2025-12-21T16:44:35.961269+00:00] ViteEtGourmand.INFO: Requête reçue : POST /auth/register [] []
[2025-12-21T16:44:35.961679+00:00] ViteEtGourmand.WARNING: Échec validation inscription {"password":"Le mot de passe doit contenir au moins 8 caractères, une majuscule, une minuscule et un chiffre."} []
[2025-12-21T16:44:36.007521+00:00] ViteEtGourmand.INFO: Requête reçue : POST /auth/register [] []
[2025-12-21T16:44:36.008322+00:00] ViteEtGourmand.WARNING: Échec validation inscription {"phone":"Le format du numéro de téléphone est invalide."} []
[2025-12-21T16:44:36.083059+00:00] ViteEtGourmand.INFO: Requête reçue : POST /auth/register [] []
[2025-12-21T16:44:36.139595+00:00] ViteEtGourmand.INFO: Requête reçue : POST /auth/register [] []
[2025-12-21T16:44:36.227979+00:00] ViteEtGourmand.ERROR: Échec création utilisateur {"email":"inattendu@example.com","code":1001,"msg":"Cette adresse email est déjà utilisée."} []
[2025-12-21T16:44:36.266460+00:00] ViteEtGourmand.INFO: Requête reçue : POST /auth/register [] []
[2025-12-21T16:44:36.266732+00:00] ViteEtGourmand.WARNING: Échec validation inscription {"firstName":"Le prénom doit être une chaîne de caractères."} []
[2025-12-21T16:44:36.311845+00:00] ViteEtGourmand.INFO: Requête reçue : POST /auth/register [] []
[2025-12-21T16:44:36.312220+00:00] ViteEtGourmand.WARNING: Échec validation inscription {"email":"Le format de l'adresse email est invalide."} []
[2025-12-21T16:44:36.370580+00:00] ViteEtGourmand.INFO: Requête reçue : POST /auth/register [] []
[2025-12-21T16:44:36.424753+00:00] ViteEtGourmand.INFO: Requête reçue : POST /auth/register [] []
[2025-12-21T16:44:36.526258+00:00] ViteEtGourmand.ERROR: Échec création utilisateur {"email":"emoji@example.com","code":1001,"msg":"Cette adresse email est déjà utilisée."} []
[2025-12-21T16:51:36.088782+00:00] ViteEtGourmand.INFO: Requête reçue : POST /auth/register [] []
[2025-12-21T16:51:36.204672+00:00] ViteEtGourmand.ERROR: Échec création utilisateur {"email":"testuser@example.com","code":1001,"msg":"Cette adresse email est déjà utilisée."} []
[2025-12-21T16:51:36.324131+00:00] ViteEtGourmand.INFO: Requête reçue : POST /auth/register [] []
[2025-12-21T16:51:36.411574+00:00] ViteEtGourmand.ERROR: Échec création utilisateur {"email":"testuser@example.com","code":1001,"msg":"Cette adresse email est déjà utilisée."} []
[2025-12-21T16:51:36.455012+00:00] ViteEtGourmand.INFO: Requête reçue : POST /auth/register [] []
[2025-12-21T16:51:36.455272+00:00] ViteEtGourmand.WARNING: Échec validation inscription {"email":"L'adresse email est requise."} []
[2025-12-21T16:51:36.513237+00:00] ViteEtGourmand.INFO: Requête reçue : POST /auth/register [] []
[2025-12-21T16:51:36.513775+00:00] ViteEtGourmand.WARNING: Échec validation inscription {"password":"Le mot de passe doit contenir au moins 8 caractères, une majuscule, une minuscule et un chiffre."} []
[2025-12-21T16:51:36.579071+00:00] ViteEtGourmand.INFO: Requête reçue : POST /auth/register [] []
[2025-12-21T16:51:36.579347+00:00] ViteEtGourmand.WARNING: Échec validation inscription {"phone":"Le format du numéro de téléphone est invalide."} []
[2025-12-21T16:51:36.637220+00:00] ViteEtGourmand.INFO: Requête reçue : POST /auth/register [] []
[2025-12-21T16:51:36.698307+00:00] ViteEtGourmand.INFO: Requête reçue : POST /auth/register [] []
[2025-12-21T16:51:36.789794+00:00] ViteEtGourmand.ERROR: Échec création utilisateur {"email":"inattendu@example.com","code":1001,"msg":"Cette adresse email est déjà utilisée."} []
[2025-12-21T16:51:36.846667+00:00] ViteEtGourmand.INFO: Requête reçue : POST /auth/register [] []
[2025-12-21T16:51:36.847327+00:00] ViteEtGourmand.WARNING: Échec validation inscription {"firstName":"Le prénom doit être une chaîne de caractères."} []
[2025-12-21T16:51:36.911401+00:00] ViteEtGourmand.INFO: Requête reçue : POST /auth/register [] []
[2025-12-21T16:51:36.912224+00:00] ViteEtGourmand.WARNING: Échec validation inscription {"email":"Le format de l'adresse email est invalide."} []
[2025-12-21T16:51:37.028224+00:00] ViteEtGourmand.INFO: Requête reçue : POST /auth/register [] []
[2025-12-21T16:51:37.130941+00:00] ViteEtGourmand.INFO: Requête reçue : POST /auth/register [] []
[2025-12-21T16:51:37.219005+00:00] ViteEtGourmand.ERROR: Échec création utilisateur {"email":"emoji@example.com","code":1001,"msg":"Cette adresse email est déjà utilisée."} []
[2025-12-21T17:41:40.019203+00:00] ViteEtGourmand.INFO: Requête reçue : POST /auth/register [] []
[2025-12-21T17:41:41.039494+00:00] ViteEtGourmand.ERROR: Échec envoi email bienvenue {"email":"testuser@example.com"} []
[2025-12-21T17:41:41.140841+00:00] ViteEtGourmand.INFO: Requête reçue : POST /auth/register [] []
[2025-12-21T17:41:41.239631+00:00] ViteEtGourmand.ERROR: Échec création utilisateur {"email":"testuser@example.com","code":1001,"msg":"Cette adresse email est déjà utilisée."} []
[2025-12-21T17:41:41.290443+00:00] ViteEtGourmand.INFO: Requête reçue : POST /auth/register [] []
[2025-12-21T17:41:41.290733+00:00] ViteEtGourmand.WARNING: Échec validation inscription {"email":"L'adresse email est requise."} []
[2025-12-21T17:41:41.326946+00:00] ViteEtGourmand.INFO: Requête reçue : POST /auth/register [] []
[2025-12-21T17:41:41.327200+00:00] ViteEtGourmand.WARNING: Échec validation inscription {"password":"Le mot de passe doit contenir au moins 8 caractères, une majuscule, une minuscule et un chiffre."} []
[2025-12-21T17:41:41.382429+00:00] ViteEtGourmand.INFO: Requête reçue : POST /auth/register [] []
[2025-12-21T17:41:41.382757+00:00] ViteEtGourmand.WARNING: Échec validation inscription {"phone":"Le format du numéro de téléphone est invalide."} []
[2025-12-21T17:41:41.421064+00:00] ViteEtGourmand.INFO: Requête reçue : POST /auth/register [] []
[2025-12-21T17:41:41.459303+00:00] ViteEtGourmand.INFO: Requête reçue : POST /auth/register [] []
[2025-12-21T17:41:41.559081+00:00] ViteEtGourmand.ERROR: Échec envoi email bienvenue {"email":"inattendu@example.com"} []
[2025-12-21T17:41:41.611083+00:00] ViteEtGourmand.INFO: Requête reçue : POST /auth/register [] []
[2025-12-21T17:41:41.611474+00:00] ViteEtGourmand.WARNING: Échec validation inscription {"firstName":"Le prénom doit être une chaîne de caractères."} []
[2025-12-21T17:41:41.649541+00:00] ViteEtGourmand.INFO: Requête reçue : POST /auth/register [] []
[2025-12-21T17:41:41.651052+00:00] ViteEtGourmand.WARNING: Échec validation inscription {"email":"Le format de l'adresse email est invalide."} []
[2025-12-21T17:41:41.700841+00:00] ViteEtGourmand.INFO: Requête reçue : POST /auth/register [] []
[2025-12-21T17:41:41.749085+00:00] ViteEtGourmand.INFO: Requête reçue : POST /auth/register [] []
[2025-12-21T17:41:41.856162+00:00] ViteEtGourmand.ERROR: Échec envoi email bienvenue {"email":"emoji@example.com"} []
[2025-12-21T17:51:11.299294+00:00] ViteEtGourmand.INFO: Requête reçue : POST /auth/register [] []
[2025-12-21T17:51:11.403603+00:00] ViteEtGourmand.ERROR: Échec création utilisateur {"email":"testuser@example.com","code":1001,"msg":"Cette adresse email est déjà utilisée."} []
[2025-12-21T17:51:11.503888+00:00] ViteEtGourmand.INFO: Requête reçue : POST /auth/register [] []
[2025-12-21T17:51:11.592906+00:00] ViteEtGourmand.ERROR: Échec création utilisateur {"email":"testuser@example.com","code":1001,"msg":"Cette adresse email est déjà utilisée."} []
[2025-12-21T17:51:11.634945+00:00] ViteEtGourmand.INFO: Requête reçue : POST /auth/register [] []
[2025-12-21T17:51:11.635338+00:00] ViteEtGourmand.WARNING: Échec validation inscription {"email":"L'adresse email est requise."} []
[2025-12-21T17:51:11.676355+00:00] ViteEtGourmand.INFO: Requête reçue : POST /auth/register [] []
[2025-12-21T17:51:11.677419+00:00] ViteEtGourmand.WARNING: Échec validation inscription {"password":"Le mot de passe doit contenir au moins 8 caractères, une majuscule, une minuscule et un chiffre."} []
[2025-12-21T17:51:11.711052+00:00] ViteEtGourmand.INFO: Requête reçue : POST /auth/register [] []
[2025-12-21T17:51:11.711300+00:00] ViteEtGourmand.WARNING: Échec validation inscription {"phone":"Le format du numéro de téléphone est invalide."} []
[2025-12-21T17:51:11.757437+00:00] ViteEtGourmand.INFO: Requête reçue : POST /auth/register [] []
[2025-12-21T17:51:11.858282+00:00] ViteEtGourmand.INFO: Requête reçue : POST /auth/register [] []
[2025-12-21T17:51:12.024957+00:00] ViteEtGourmand.ERROR: Échec création utilisateur {"email":"inattendu@example.com","code":1001,"msg":"Cette adresse email est déjà utilisée."} []
[2025-12-21T17:51:12.082107+00:00] ViteEtGourmand.INFO: Requête reçue : POST /auth/register [] []
[2025-12-21T17:51:12.082415+00:00] ViteEtGourmand.WARNING: Échec validation inscription {"firstName":"Le prénom doit être une chaîne de caractères."} []
[2025-12-21T17:51:12.123777+00:00] ViteEtGourmand.INFO: Requête reçue : POST /auth/register [] []
[2025-12-21T17:51:12.123990+00:00] ViteEtGourmand.WARNING: Échec validation inscription {"email":"Le format de l'adresse email est invalide."} []
[2025-12-21T17:51:12.163247+00:00] ViteEtGourmand.INFO: Requête reçue : POST /auth/register [] []
[2025-12-21T17:51:12.205557+00:00] ViteEtGourmand.INFO: Requête reçue : POST /auth/register [] []
[2025-12-21T17:51:12.302113+00:00] ViteEtGourmand.ERROR: Échec création utilisateur {"email":"emoji@example.com","code":1001,"msg":"Cette adresse email est déjà utilisée."} []
[2025-12-21T17:53:17.843444+00:00] ViteEtGourmand.INFO: Requête reçue : POST /auth/register [] []
[2025-12-21T17:53:17.948674+00:00] ViteEtGourmand.ERROR: Échec création utilisateur {"email":"testuser@example.com","code":1001,"msg":"Cette adresse email est déjà utilisée."} []
[2025-12-21T18:14:48.153582+00:00] ViteEtGourmand.INFO: Requête reçue : POST /auth/register [] []
[2025-12-21T18:14:48.486248+00:00] ViteEtGourmand.ERROR: Échec envoi email bienvenue {"email":"testuser_1766340887975@example.com"} []
[2025-12-21T18:14:48.871030+00:00] ViteEtGourmand.INFO: Requête reçue : POST /auth/register [] []
[2025-12-21T18:14:48.992311+00:00] ViteEtGourmand.ERROR: Échec création utilisateur {"email":"testuser@example.com","code":1001,"msg":"Cette adresse email est déjà utilisée."} []
[2025-12-21T18:14:49.149583+00:00] ViteEtGourmand.INFO: Requête reçue : POST /auth/register [] []
[2025-12-21T18:14:49.150389+00:00] ViteEtGourmand.WARNING: Échec validation inscription {"email":"L'adresse email est requise."} []
[2025-12-21T18:14:49.225498+00:00] ViteEtGourmand.INFO: Requête reçue : POST /auth/register [] []
[2025-12-21T18:14:49.225898+00:00] ViteEtGourmand.WARNING: Échec validation inscription {"password":"Le mot de passe doit contenir au moins 8 caractères, une majuscule, une minuscule et un chiffre."} []
[2025-12-21T18:14:49.308589+00:00] ViteEtGourmand.INFO: Requête reçue : POST /auth/register [] []
[2025-12-21T18:14:49.308988+00:00] ViteEtGourmand.WARNING: Échec validation inscription {"phone":"Le format du numéro de téléphone est invalide."} []
[2025-12-21T18:14:49.362657+00:00] ViteEtGourmand.INFO: Requête reçue : POST /auth/register [] []
[2025-12-21T18:14:49.422666+00:00] ViteEtGourmand.INFO: Requête reçue : POST /auth/register [] []
[2025-12-21T18:14:49.541135+00:00] ViteEtGourmand.ERROR: Échec création utilisateur {"email":"inattendu@example.com","code":1001,"msg":"Cette adresse email est déjà utilisée."} []
[2025-12-21T18:14:49.585273+00:00] ViteEtGourmand.INFO: Requête reçue : POST /auth/register [] []
[2025-12-21T18:14:49.585689+00:00] ViteEtGourmand.WARNING: Échec validation inscription {"firstName":"Le prénom doit être une chaîne de caractères."} []
[2025-12-21T18:14:49.622277+00:00] ViteEtGourmand.INFO: Requête reçue : POST /auth/register [] []
[2025-12-21T18:14:49.622496+00:00] ViteEtGourmand.WARNING: Échec validation inscription {"email":"Le format de l'adresse email est invalide."} []
[2025-12-21T18:14:49.675530+00:00] ViteEtGourmand.INFO: Requête reçue : POST /auth/register [] []
[2025-12-21T18:14:49.719306+00:00] ViteEtGourmand.INFO: Requête reçue : POST /auth/register [] []
[2025-12-21T18:14:49.810224+00:00] ViteEtGourmand.ERROR: Échec création utilisateur {"email":"emoji@example.com","code":1001,"msg":"Cette adresse email est déjà utilisée."} []
[2025-12-21T18:21:09.965733+00:00] ViteEtGourmand.INFO: Requête reçue : POST /auth/register [] []
[2025-12-21T18:21:10.094255+00:00] ViteEtGourmand.ERROR: Échec envoi email bienvenue {"email":"testuser_1766341269831@example.com"} []
[2025-12-21T18:21:10.213744+00:00] ViteEtGourmand.INFO: Requête reçue : POST /auth/register [] []
[2025-12-21T18:21:10.311406+00:00] ViteEtGourmand.ERROR: Échec création utilisateur {"email":"testuser@example.com","code":1001,"msg":"Cette adresse email est déjà utilisée."} []
[2025-12-21T18:21:10.378726+00:00] ViteEtGourmand.INFO: Requête reçue : POST /auth/register [] []
[2025-12-21T18:21:10.378985+00:00] ViteEtGourmand.WARNING: Échec validation inscription {"email":"L'adresse email est requise."} []
[2025-12-21T18:21:10.431549+00:00] ViteEtGourmand.INFO: Requête reçue : POST /auth/register [] []
[2025-12-21T18:21:10.431770+00:00] ViteEtGourmand.WARNING: Échec validation inscription {"password":"Le mot de passe doit contenir au moins 8 caractères, une majuscule, une minuscule et un chiffre."} []
[2025-12-21T18:21:10.478351+00:00] ViteEtGourmand.INFO: Requête reçue : POST /auth/register [] []
[2025-12-21T18:21:10.478579+00:00] ViteEtGourmand.WARNING: Échec validation inscription {"phone":"Le format du numéro de téléphone est invalide."} []
[2025-12-21T18:21:10.517931+00:00] ViteEtGourmand.INFO: Requête reçue : POST /auth/register [] []
[2025-12-21T18:21:10.571467+00:00] ViteEtGourmand.INFO: Requête reçue : POST /auth/register [] []
[2025-12-21T18:21:10.670932+00:00] ViteEtGourmand.ERROR: Échec création utilisateur {"email":"inattendu@example.com","code":1001,"msg":"Cette adresse email est déjà utilisée."} []
[2025-12-21T18:21:10.729229+00:00] ViteEtGourmand.INFO: Requête reçue : POST /auth/register [] []
[2025-12-21T18:21:10.729483+00:00] ViteEtGourmand.WARNING: Échec validation inscription {"firstName":"Le prénom doit être une chaîne de caractères."} []
[2025-12-21T18:21:10.766851+00:00] ViteEtGourmand.INFO: Requête reçue : POST /auth/register [] []
[2025-12-21T18:21:10.767107+00:00] ViteEtGourmand.WARNING: Échec validation inscription {"email":"Le format de l'adresse email est invalide."} []
[2025-12-21T18:21:10.811834+00:00] ViteEtGourmand.INFO: Requête reçue : POST /auth/register [] []
[2025-12-21T18:21:10.893920+00:00] ViteEtGourmand.INFO: Requête reçue : POST /auth/register [] []
[2025-12-21T18:21:10.984624+00:00] ViteEtGourmand.ERROR: Échec envoi email bienvenue {"email":"emoji_1766341270869@example.com"} []
[2025-12-21T18:24:51.638655+00:00] ViteEtGourmand.INFO: Requête reçue : POST /auth/register [] []
[2025-12-21T18:24:51.788562+00:00] ViteEtGourmand.ERROR: Échec envoi email bienvenue {"email":"testuser_1766341491560@example.com"} []
[2025-12-21T18:24:51.852503+00:00] ViteEtGourmand.INFO: Requête reçue : POST /auth/register [] []
[2025-12-21T18:24:51.966413+00:00] ViteEtGourmand.ERROR: Échec création utilisateur {"email":"testuser@example.com","code":1001,"msg":"Cette adresse email est déjà utilisée."} []
[2025-12-21T18:24:52.043377+00:00] ViteEtGourmand.INFO: Requête reçue : POST /auth/register [] []
[2025-12-21T18:24:52.043796+00:00] ViteEtGourmand.WARNING: Échec validation inscription {"email":"L'adresse email est requise."} []
[2025-12-21T18:24:52.118372+00:00] ViteEtGourmand.INFO: Requête reçue : POST /auth/register [] []
[2025-12-21T18:24:52.119007+00:00] ViteEtGourmand.WARNING: Échec validation inscription {"password":"Le mot de passe doit contenir au moins 8 caractères, une majuscule, une minuscule et un chiffre."} []
[2025-12-21T18:24:52.189981+00:00] ViteEtGourmand.INFO: Requête reçue : POST /auth/register [] []
[2025-12-21T18:24:52.190740+00:00] ViteEtGourmand.WARNING: Échec validation inscription {"phone":"Le format du numéro de téléphone est invalide."} []
[2025-12-21T18:24:52.255460+00:00] ViteEtGourmand.INFO: Requête reçue : POST /auth/register [] []
[2025-12-21T18:24:52.296159+00:00] ViteEtGourmand.INFO: Requête reçue : POST /auth/register [] []
[2025-12-21T18:24:52.401065+00:00] ViteEtGourmand.ERROR: Échec création utilisateur {"email":"inattendu@example.com","code":1001,"msg":"Cette adresse email est déjà utilisée."} []
[2025-12-21T18:24:52.481583+00:00] ViteEtGourmand.INFO: Requête reçue : POST /auth/register [] []
[2025-12-21T18:24:52.482395+00:00] ViteEtGourmand.WARNING: Échec validation inscription {"firstName":"Le prénom doit être une chaîne de caractères."} []
[2025-12-21T18:24:52.600033+00:00] ViteEtGourmand.INFO: Requête reçue : POST /auth/register [] []
[2025-12-21T18:24:52.600735+00:00] ViteEtGourmand.WARNING: Échec validation inscription {"email":"Le format de l'adresse email est invalide."} []
[2025-12-21T18:24:52.710830+00:00] ViteEtGourmand.INFO: Requête reçue : POST /auth/register [] []
[2025-12-21T18:24:52.798371+00:00] ViteEtGourmand.INFO: Requête reçue : POST /auth/register [] []
[2025-12-21T18:24:52.800582+00:00] ViteEtGourmand.WARNING: Échec validation inscription {"firstName":"Le prénom ne doit contenir que des lettres (sans emoji, chiffre ou symbole)."} []
